<?xml version="1.0" encoding="UTF-8"?>
<!-- Generated by org.testng.reporters.JUnitReportReporter -->
<testsuite hostname="саша" name="tests.WileyTest" tests="1" failures="0" timestamp="25 Aug 2016 19:18:57 GMT" time="26.376" errors="0">
  <testcase name="run" time="26.376" classname="tests.WileyTest"/>
</testsuite> <!-- tests.WileyTest -->
